15-Dec-2024 04:09:03.047 INFO [http-nio-9999-exec-2] org.apache.catalina.core.ApplicationContext.log UserAuthorization:Initializing filter
15-Dec-2024 04:09:03.331 INFO [http-nio-9999-exec-5] org.apache.catalina.core.ApplicationContext.log Request from uEmail: null, uRem: on, Token: eyJwcmoiOiJGUkVFWkUiLCJ0eXAiOiJmYWtlIGp3dCJ9.eyJ1aWQiOjExLCJzdGEiOiJhY3RpdmUiLCJlbnAiOiI2Yjg2YjI3M2ZmMzRmY2UxOWQ2YjgwNGVmZjVhM2Y1NzQ3YWRhNGVhYTIyZjFkNDljMDFlNTJkZGI3ODc1YjRiIiwiZW1hIjoidXNlckBnbWFpbC5jb20iLCJyaWQiOjF9.MDgwMzJlY2ZkZWU3MzJiNmI0YWNjYzBhYzhiZmIyY2U1NDYwODlhMDMwNzhlY2I4YmJiNmM2ZWZlOGQxMWEyOQ==, uPass: null
15-Dec-2024 04:09:08.690 INFO [http-nio-9999-exec-5] org.apache.catalina.core.ApplicationContext.log Cannot invoke "java.sql.Connection.prepareStatement(String)" because "this.connection" is null
15-Dec-2024 04:09:11.156 INFO [http-nio-9999-exec-9] org.apache.catalina.core.ApplicationContext.log Request from uEmail: null, uRem: on, Token: eyJwcmoiOiJGUkVFWkUiLCJ0eXAiOiJmYWtlIGp3dCJ9.eyJ1aWQiOjExLCJzdGEiOiJhY3RpdmUiLCJlbnAiOiI2Yjg2YjI3M2ZmMzRmY2UxOWQ2YjgwNGVmZjVhM2Y1NzQ3YWRhNGVhYTIyZjFkNDljMDFlNTJkZGI3ODc1YjRiIiwiZW1hIjoidXNlckBnbWFpbC5jb20iLCJyaWQiOjF9.MDgwMzJlY2ZkZWU3MzJiNmI0YWNjYzBhYzhiZmIyY2U1NDYwODlhMDMwNzhlY2I4YmJiNmM2ZWZlOGQxMWEyOQ==, uPass: null
15-Dec-2024 04:09:11.346 INFO [http-nio-9999-exec-9] org.apache.catalina.core.ApplicationContext.log Cannot invoke "java.sql.Connection.prepareStatement(String)" because "this.connection" is null
15-Dec-2024 04:09:13.014 INFO [http-nio-9999-exec-4] org.apache.catalina.core.ApplicationContext.log Request from uEmail: null, uRem: on, Token: eyJwcmoiOiJGUkVFWkUiLCJ0eXAiOiJmYWtlIGp3dCJ9.eyJ1aWQiOjExLCJzdGEiOiJhY3RpdmUiLCJlbnAiOiI2Yjg2YjI3M2ZmMzRmY2UxOWQ2YjgwNGVmZjVhM2Y1NzQ3YWRhNGVhYTIyZjFkNDljMDFlNTJkZGI3ODc1YjRiIiwiZW1hIjoidXNlckBnbWFpbC5jb20iLCJyaWQiOjF9.MDgwMzJlY2ZkZWU3MzJiNmI0YWNjYzBhYzhiZmIyY2U1NDYwODlhMDMwNzhlY2I4YmJiNmM2ZWZlOGQxMWEyOQ==, uPass: null
15-Dec-2024 04:09:13.186 INFO [http-nio-9999-exec-4] org.apache.catalina.core.ApplicationContext.log Cannot invoke "java.sql.Connection.prepareStatement(String)" because "this.connection" is null
15-Dec-2024 04:09:13.648 INFO [http-nio-9999-exec-10] org.apache.catalina.core.ApplicationContext.log Request from uEmail: null, uRem: on, Token: eyJwcmoiOiJGUkVFWkUiLCJ0eXAiOiJmYWtlIGp3dCJ9.eyJ1aWQiOjExLCJzdGEiOiJhY3RpdmUiLCJlbnAiOiI2Yjg2YjI3M2ZmMzRmY2UxOWQ2YjgwNGVmZjVhM2Y1NzQ3YWRhNGVhYTIyZjFkNDljMDFlNTJkZGI3ODc1YjRiIiwiZW1hIjoidXNlckBnbWFpbC5jb20iLCJyaWQiOjF9.MDgwMzJlY2ZkZWU3MzJiNmI0YWNjYzBhYzhiZmIyY2U1NDYwODlhMDMwNzhlY2I4YmJiNmM2ZWZlOGQxMWEyOQ==, uPass: null
15-Dec-2024 04:09:13.822 INFO [http-nio-9999-exec-10] org.apache.catalina.core.ApplicationContext.log Cannot invoke "java.sql.Connection.prepareStatement(String)" because "this.connection" is null
15-Dec-2024 04:09:14.142 INFO [http-nio-9999-exec-1] org.apache.catalina.core.ApplicationContext.log Request from uEmail: null, uRem: on, Token: eyJwcmoiOiJGUkVFWkUiLCJ0eXAiOiJmYWtlIGp3dCJ9.eyJ1aWQiOjExLCJzdGEiOiJhY3RpdmUiLCJlbnAiOiI2Yjg2YjI3M2ZmMzRmY2UxOWQ2YjgwNGVmZjVhM2Y1NzQ3YWRhNGVhYTIyZjFkNDljMDFlNTJkZGI3ODc1YjRiIiwiZW1hIjoidXNlckBnbWFpbC5jb20iLCJyaWQiOjF9.MDgwMzJlY2ZkZWU3MzJiNmI0YWNjYzBhYzhiZmIyY2U1NDYwODlhMDMwNzhlY2I4YmJiNmM2ZWZlOGQxMWEyOQ==, uPass: null
15-Dec-2024 04:09:14.327 INFO [http-nio-9999-exec-1] org.apache.catalina.core.ApplicationContext.log Cannot invoke "java.sql.Connection.prepareStatement(String)" because "this.connection" is null
15-Dec-2024 04:09:40.547 INFO [http-nio-9999-exec-12] org.apache.catalina.core.ApplicationContext.log UserAuthorization:Initializing filter
15-Dec-2024 04:09:42.768 INFO [http-nio-9999-exec-17] org.apache.catalina.core.ApplicationContext.log UserAuthorization:Initializing filter
15-Dec-2024 04:09:43.479 INFO [http-nio-9999-exec-11] org.apache.catalina.core.ApplicationContext.log Request from uEmail: null, uRem: on, Token: eyJwcmoiOiJGUkVFWkUiLCJ0eXAiOiJmYWtlIGp3dCJ9.eyJ1aWQiOjExLCJzdGEiOiJhY3RpdmUiLCJlbnAiOiI2Yjg2YjI3M2ZmMzRmY2UxOWQ2YjgwNGVmZjVhM2Y1NzQ3YWRhNGVhYTIyZjFkNDljMDFlNTJkZGI3ODc1YjRiIiwiZW1hIjoidXNlckBnbWFpbC5jb20iLCJyaWQiOjF9.MDgwMzJlY2ZkZWU3MzJiNmI0YWNjYzBhYzhiZmIyY2U1NDYwODlhMDMwNzhlY2I4YmJiNmM2ZWZlOGQxMWEyOQ==, uPass: null
15-Dec-2024 04:10:26.722 INFO [http-nio-9999-exec-13] org.apache.catalina.core.ApplicationContext.log UserAuthorization:Initializing filter
15-Dec-2024 04:10:28.642 INFO [http-nio-9999-exec-16] org.apache.catalina.core.ApplicationContext.log Request from uEmail: null, uRem: on, Token: eyJwcmoiOiJGUkVFWkUiLCJ0eXAiOiJmYWtlIGp3dCJ9.eyJ1aWQiOjExLCJzdGEiOiJhY3RpdmUiLCJlbnAiOiI2Yjg2YjI3M2ZmMzRmY2UxOWQ2YjgwNGVmZjVhM2Y1NzQ3YWRhNGVhYTIyZjFkNDljMDFlNTJkZGI3ODc1YjRiIiwiZW1hIjoidXNlckBnbWFpbC5jb20iLCJyaWQiOjF9.MDgwMzJlY2ZkZWU3MzJiNmI0YWNjYzBhYzhiZmIyY2U1NDYwODlhMDMwNzhlY2I4YmJiNmM2ZWZlOGQxMWEyOQ==, uPass: null
15-Dec-2024 04:10:33.394 INFO [http-nio-9999-exec-16] org.apache.catalina.core.ApplicationContext.log java.sql.SQLSyntaxErrorException: Table 'defaultdb.User' doesn't exist
15-Dec-2024 04:10:34.753 INFO [http-nio-9999-exec-24] org.apache.catalina.core.ApplicationContext.log Request from uEmail: null, uRem: on, Token: eyJwcmoiOiJGUkVFWkUiLCJ0eXAiOiJmYWtlIGp3dCJ9.eyJ1aWQiOjExLCJzdGEiOiJhY3RpdmUiLCJlbnAiOiI2Yjg2YjI3M2ZmMzRmY2UxOWQ2YjgwNGVmZjVhM2Y1NzQ3YWRhNGVhYTIyZjFkNDljMDFlNTJkZGI3ODc1YjRiIiwiZW1hIjoidXNlckBnbWFpbC5jb20iLCJyaWQiOjF9.MDgwMzJlY2ZkZWU3MzJiNmI0YWNjYzBhYzhiZmIyY2U1NDYwODlhMDMwNzhlY2I4YmJiNmM2ZWZlOGQxMWEyOQ==, uPass: null
15-Dec-2024 04:10:37.838 INFO [http-nio-9999-exec-24] org.apache.catalina.core.ApplicationContext.log java.sql.SQLSyntaxErrorException: Table 'defaultdb.User' doesn't exist
15-Dec-2024 04:12:47.661 INFO [http-nio-9999-exec-27] org.apache.catalina.core.ApplicationContext.log Request from uEmail: null, uRem: on, Token: eyJwcmoiOiJGUkVFWkUiLCJ0eXAiOiJmYWtlIGp3dCJ9.eyJ1aWQiOjExLCJzdGEiOiJhY3RpdmUiLCJlbnAiOiI2Yjg2YjI3M2ZmMzRmY2UxOWQ2YjgwNGVmZjVhM2Y1NzQ3YWRhNGVhYTIyZjFkNDljMDFlNTJkZGI3ODc1YjRiIiwiZW1hIjoidXNlckBnbWFpbC5jb20iLCJyaWQiOjF9.MDgwMzJlY2ZkZWU3MzJiNmI0YWNjYzBhYzhiZmIyY2U1NDYwODlhMDMwNzhlY2I4YmJiNmM2ZWZlOGQxMWEyOQ==, uPass: null
15-Dec-2024 04:12:50.521 INFO [http-nio-9999-exec-27] org.apache.catalina.core.ApplicationContext.log java.sql.SQLSyntaxErrorException: Table 'defaultdb.User' doesn't exist
15-Dec-2024 04:14:08.137 INFO [http-nio-9999-exec-31] org.apache.catalina.core.ApplicationContext.log UserAuthorization:Initializing filter
15-Dec-2024 04:14:09.525 INFO [http-nio-9999-exec-28] org.apache.catalina.core.ApplicationContext.log Request from uEmail: null, uRem: on, Token: eyJwcmoiOiJGUkVFWkUiLCJ0eXAiOiJmYWtlIGp3dCJ9.eyJ1aWQiOjExLCJzdGEiOiJhY3RpdmUiLCJlbnAiOiI2Yjg2YjI3M2ZmMzRmY2UxOWQ2YjgwNGVmZjVhM2Y1NzQ3YWRhNGVhYTIyZjFkNDljMDFlNTJkZGI3ODc1YjRiIiwiZW1hIjoidXNlckBnbWFpbC5jb20iLCJyaWQiOjF9.MDgwMzJlY2ZkZWU3MzJiNmI0YWNjYzBhYzhiZmIyY2U1NDYwODlhMDMwNzhlY2I4YmJiNmM2ZWZlOGQxMWEyOQ==, uPass: null
15-Dec-2024 04:14:16.837 SEVERE [http-nio-9999-exec-28] org.apache.catalina.core.StandardWrapperValve.invoke Servlet.service() for servlet [HomeController] in context with path [/freezegroup2] threw exception
	java.lang.RuntimeException: java.sql.SQLSyntaxErrorException: Table 'defaultdb.User' doesn't exist
		at dal.LoginUserDAO.getUsernameByUid(LoginUserDAO.java:226)
		at filter.UserAuthorization.doFilter(UserAuthorization.java:448)
		at org.apache.catalina.core.ApplicationFilterChain.internalDoFilter(ApplicationFilterChain.java:174)
		at org.apache.catalina.core.ApplicationFilterChain.doFilter(ApplicationFilterChain.java:149)
		at org.apache.catalina.core.StandardWrapperValve.invoke(StandardWrapperValve.java:167)
		at org.apache.catalina.core.StandardContextValve.invoke(StandardContextValve.java:90)
		at org.apache.catalina.authenticator.AuthenticatorBase.invoke(AuthenticatorBase.java:482)
		at org.apache.catalina.core.StandardHostValve.invoke(StandardHostValve.java:115)
		at org.apache.catalina.valves.ErrorReportValve.invoke(ErrorReportValve.java:93)
		at org.apache.catalina.valves.AbstractAccessLogValve.invoke(AbstractAccessLogValve.java:673)
		at org.apache.catalina.core.StandardEngineValve.invoke(StandardEngineValve.java:74)
		at org.apache.catalina.connector.CoyoteAdapter.service(CoyoteAdapter.java:340)
		at org.apache.coyote.http11.Http11Processor.service(Http11Processor.java:391)
		at org.apache.coyote.AbstractProcessorLight.process(AbstractProcessorLight.java:63)
		at org.apache.coyote.AbstractProtocol$ConnectionHandler.process(AbstractProtocol.java:896)
		at org.apache.tomcat.util.net.NioEndpoint$SocketProcessor.doRun(NioEndpoint.java:1744)
		at org.apache.tomcat.util.net.SocketProcessorBase.run(SocketProcessorBase.java:52)
		at org.apache.tomcat.util.threads.ThreadPoolExecutor.runWorker(ThreadPoolExecutor.java:1191)
		at org.apache.tomcat.util.threads.ThreadPoolExecutor$Worker.run(ThreadPoolExecutor.java:659)
		at org.apache.tomcat.util.threads.TaskThread$WrappingRunnable.run(TaskThread.java:61)
		at java.base/java.lang.Thread.run(Thread.java:842)
	Caused by: java.sql.SQLSyntaxErrorException: Table 'defaultdb.User' doesn't exist
		at com.mysql.cj.jdbc.exceptions.SQLError.createSQLException(SQLError.java:120)
		at com.mysql.cj.jdbc.exceptions.SQLExceptionsMapping.translateException(SQLExceptionsMapping.java:122)
		at com.mysql.cj.jdbc.ClientPreparedStatement.executeInternal(ClientPreparedStatement.java:953)
		at com.mysql.cj.jdbc.ClientPreparedStatement.executeQuery(ClientPreparedStatement.java:1009)
		at dal.LoginUserDAO.getUsernameByUid(LoginUserDAO.java:218)
		... 20 more
15-Dec-2024 04:14:35.181 INFO [http-nio-9999-exec-30] org.apache.catalina.core.ApplicationContext.log UserAuthorization:Initializing filter
15-Dec-2024 05:09:32.375 INFO [http-nio-9999-exec-41] org.apache.catalina.core.ApplicationContext.log UserAuthorization:Initializing filter
15-Dec-2024 05:09:32.603 INFO [http-nio-9999-exec-46] org.apache.catalina.core.ApplicationContext.log Request from uEmail: null, uRem: on, Token: eyJwcmoiOiJGUkVFWkUiLCJ0eXAiOiJmYWtlIGp3dCJ9.eyJ1aWQiOjExLCJzdGEiOiJhY3RpdmUiLCJlbnAiOiI2Yjg2YjI3M2ZmMzRmY2UxOWQ2YjgwNGVmZjVhM2Y1NzQ3YWRhNGVhYTIyZjFkNDljMDFlNTJkZGI3ODc1YjRiIiwiZW1hIjoidXNlckBnbWFpbC5jb20iLCJyaWQiOjF9.MDgwMzJlY2ZkZWU3MzJiNmI0YWNjYzBhYzhiZmIyY2U1NDYwODlhMDMwNzhlY2I4YmJiNmM2ZWZlOGQxMWEyOQ==, uPass: null
15-Dec-2024 05:09:42.087 INFO [http-nio-9999-exec-43] org.apache.catalina.core.ApplicationContext.log Request from uEmail: null, uRem: on, Token: eyJwcmoiOiJGUkVFWkUiLCJ0eXAiOiJmYWtlIGp3dCJ9.eyJ1aWQiOjExLCJzdGEiOiJhY3RpdmUiLCJlbnAiOiI2Yjg2YjI3M2ZmMzRmY2UxOWQ2YjgwNGVmZjVhM2Y1NzQ3YWRhNGVhYTIyZjFkNDljMDFlNTJkZGI3ODc1YjRiIiwiZW1hIjoidXNlckBnbWFpbC5jb20iLCJyaWQiOjF9.MDgwMzJlY2ZkZWU3MzJiNmI0YWNjYzBhYzhiZmIyY2U1NDYwODlhMDMwNzhlY2I4YmJiNmM2ZWZlOGQxMWEyOQ==, uPass: null
15-Dec-2024 05:09:50.047 INFO [http-nio-9999-exec-47] org.apache.catalina.core.ApplicationContext.log Request from uEmail: , uRem: on, Token: eyJwcmoiOiJGUkVFWkUiLCJ0eXAiOiJmYWtlIGp3dCJ9.eyJ1aWQiOjExLCJzdGEiOiJhY3RpdmUiLCJlbnAiOiI2Yjg2YjI3M2ZmMzRmY2UxOWQ2YjgwNGVmZjVhM2Y1NzQ3YWRhNGVhYTIyZjFkNDljMDFlNTJkZGI3ODc1YjRiIiwiZW1hIjoidXNlckBnbWFpbC5jb20iLCJyaWQiOjF9.MDgwMzJlY2ZkZWU3MzJiNmI0YWNjYzBhYzhiZmIyY2U1NDYwODlhMDMwNzhlY2I4YmJiNmM2ZWZlOGQxMWEyOQ==, uPass: 
15-Dec-2024 05:09:53.100 INFO [http-nio-9999-exec-44] org.apache.catalina.core.ApplicationContext.log Request from uEmail: , uRem: on, Token: eyJwcmoiOiJGUkVFWkUiLCJ0eXAiOiJmYWtlIGp3dCJ9.eyJ1aWQiOjExLCJzdGEiOiJhY3RpdmUiLCJlbnAiOiI2Yjg2YjI3M2ZmMzRmY2UxOWQ2YjgwNGVmZjVhM2Y1NzQ3YWRhNGVhYTIyZjFkNDljMDFlNTJkZGI3ODc1YjRiIiwiZW1hIjoidXNlckBnbWFpbC5jb20iLCJyaWQiOjF9.MDgwMzJlY2ZkZWU3MzJiNmI0YWNjYzBhYzhiZmIyY2U1NDYwODlhMDMwNzhlY2I4YmJiNmM2ZWZlOGQxMWEyOQ==, uPass: 
15-Dec-2024 05:10:01.450 INFO [http-nio-9999-exec-47] org.apache.catalina.core.ApplicationContext.log Request from uEmail: , uRem: on, Token: eyJwcmoiOiJGUkVFWkUiLCJ0eXAiOiJmYWtlIGp3dCJ9.eyJ1aWQiOjExLCJzdGEiOiJhY3RpdmUiLCJlbnAiOiI2Yjg2YjI3M2ZmMzRmY2UxOWQ2YjgwNGVmZjVhM2Y1NzQ3YWRhNGVhYTIyZjFkNDljMDFlNTJkZGI3ODc1YjRiIiwiZW1hIjoidXNlckBnbWFpbC5jb20iLCJyaWQiOjF9.MDgwMzJlY2ZkZWU3MzJiNmI0YWNjYzBhYzhiZmIyY2U1NDYwODlhMDMwNzhlY2I4YmJiNmM2ZWZlOGQxMWEyOQ==, uPass: 
15-Dec-2024 05:10:24.923 INFO [http-nio-9999-exec-48] org.apache.catalina.core.ApplicationContext.log Request from uEmail: , uRem: on, Token: eyJwcmoiOiJGUkVFWkUiLCJ0eXAiOiJmYWtlIGp3dCJ9.eyJ1aWQiOjExLCJzdGEiOiJhY3RpdmUiLCJlbnAiOiI2Yjg2YjI3M2ZmMzRmY2UxOWQ2YjgwNGVmZjVhM2Y1NzQ3YWRhNGVhYTIyZjFkNDljMDFlNTJkZGI3ODc1YjRiIiwiZW1hIjoidXNlckBnbWFpbC5jb20iLCJyaWQiOjF9.MDgwMzJlY2ZkZWU3MzJiNmI0YWNjYzBhYzhiZmIyY2U1NDYwODlhMDMwNzhlY2I4YmJiNmM2ZWZlOGQxMWEyOQ==, uPass: 
15-Dec-2024 05:11:34.327 INFO [http-nio-9999-exec-50] org.apache.catalina.core.ApplicationContext.log Request from uEmail: , uRem: on, Token: eyJwcmoiOiJGUkVFWkUiLCJ0eXAiOiJmYWtlIGp3dCJ9.eyJ1aWQiOjExLCJzdGEiOiJhY3RpdmUiLCJlbnAiOiI2Yjg2YjI3M2ZmMzRmY2UxOWQ2YjgwNGVmZjVhM2Y1NzQ3YWRhNGVhYTIyZjFkNDljMDFlNTJkZGI3ODc1YjRiIiwiZW1hIjoidXNlckBnbWFpbC5jb20iLCJyaWQiOjF9.MDgwMzJlY2ZkZWU3MzJiNmI0YWNjYzBhYzhiZmIyY2U1NDYwODlhMDMwNzhlY2I4YmJiNmM2ZWZlOGQxMWEyOQ==, uPass: 
15-Dec-2024 05:12:19.078 INFO [http-nio-9999-exec-48] org.apache.catalina.core.ApplicationContext.log UserAuthorization:Initializing filter
15-Dec-2024 05:17:09.594 INFO [http-nio-9999-exec-58] org.apache.catalina.core.ApplicationContext.log Request from uEmail: , uRem: on, Token: eyJwcmoiOiJGUkVFWkUiLCJ0eXAiOiJmYWtlIGp3dCJ9.eyJ1aWQiOjExLCJzdGEiOiJhY3RpdmUiLCJlbnAiOiI2Yjg2YjI3M2ZmMzRmY2UxOWQ2YjgwNGVmZjVhM2Y1NzQ3YWRhNGVhYTIyZjFkNDljMDFlNTJkZGI3ODc1YjRiIiwiZW1hIjoidXNlckBnbWFpbC5jb20iLCJyaWQiOjF9.MDgwMzJlY2ZkZWU3MzJiNmI0YWNjYzBhYzhiZmIyY2U1NDYwODlhMDMwNzhlY2I4YmJiNmM2ZWZlOGQxMWEyOQ==, uPass: 
15-Dec-2024 05:17:10.280 INFO [http-nio-9999-exec-58] org.apache.catalina.core.ApplicationContext.log java.sql.SQLSyntaxErrorException: Table 'defaultdb.User' doesn't exist
15-Dec-2024 05:17:45.421 INFO [http-nio-9999-exec-60] org.apache.catalina.core.ApplicationContext.log Request from uEmail: , uRem: on, Token: eyJwcmoiOiJGUkVFWkUiLCJ0eXAiOiJmYWtlIGp3dCJ9.eyJ1aWQiOjExLCJzdGEiOiJhY3RpdmUiLCJlbnAiOiI2Yjg2YjI3M2ZmMzRmY2UxOWQ2YjgwNGVmZjVhM2Y1NzQ3YWRhNGVhYTIyZjFkNDljMDFlNTJkZGI3ODc1YjRiIiwiZW1hIjoidXNlckBnbWFpbC5jb20iLCJyaWQiOjF9.MDgwMzJlY2ZkZWU3MzJiNmI0YWNjYzBhYzhiZmIyY2U1NDYwODlhMDMwNzhlY2I4YmJiNmM2ZWZlOGQxMWEyOQ==, uPass: 
15-Dec-2024 05:17:48.050 SEVERE [http-nio-9999-exec-60] org.apache.catalina.core.StandardWrapperValve.invoke Servlet.service() for servlet [HomeController] in context with path [/freezegroup2] threw exception
	java.lang.NullPointerException: Cannot invoke "entity.codebaseNew.Role.getId()" because "userRole" is null
		at filter.UserAuthorization.doFilter(UserAuthorization.java:480)
		at org.apache.catalina.core.ApplicationFilterChain.internalDoFilter(ApplicationFilterChain.java:174)
		at org.apache.catalina.core.ApplicationFilterChain.doFilter(ApplicationFilterChain.java:149)
		at org.apache.catalina.core.StandardWrapperValve.invoke(StandardWrapperValve.java:167)
		at org.apache.catalina.core.StandardContextValve.invoke(StandardContextValve.java:90)
		at org.apache.catalina.authenticator.AuthenticatorBase.invoke(AuthenticatorBase.java:482)
		at org.apache.catalina.core.StandardHostValve.invoke(StandardHostValve.java:115)
		at org.apache.catalina.valves.ErrorReportValve.invoke(ErrorReportValve.java:93)
		at org.apache.catalina.valves.AbstractAccessLogValve.invoke(AbstractAccessLogValve.java:673)
		at org.apache.catalina.core.StandardEngineValve.invoke(StandardEngineValve.java:74)
		at org.apache.catalina.connector.CoyoteAdapter.service(CoyoteAdapter.java:340)
		at org.apache.coyote.http11.Http11Processor.service(Http11Processor.java:391)
		at org.apache.coyote.AbstractProcessorLight.process(AbstractProcessorLight.java:63)
		at org.apache.coyote.AbstractProtocol$ConnectionHandler.process(AbstractProtocol.java:896)
		at org.apache.tomcat.util.net.NioEndpoint$SocketProcessor.doRun(NioEndpoint.java:1744)
		at org.apache.tomcat.util.net.SocketProcessorBase.run(SocketProcessorBase.java:52)
		at org.apache.tomcat.util.threads.ThreadPoolExecutor.runWorker(ThreadPoolExecutor.java:1191)
		at org.apache.tomcat.util.threads.ThreadPoolExecutor$Worker.run(ThreadPoolExecutor.java:659)
		at org.apache.tomcat.util.threads.TaskThread$WrappingRunnable.run(TaskThread.java:61)
		at java.base/java.lang.Thread.run(Thread.java:842)
15-Dec-2024 05:18:19.526 INFO [http-nio-9999-exec-58] org.apache.catalina.core.ApplicationContext.log Request from uEmail: , uRem: on, Token: eyJwcmoiOiJGUkVFWkUiLCJ0eXAiOiJmYWtlIGp3dCJ9.eyJ1aWQiOjExLCJzdGEiOiJhY3RpdmUiLCJlbnAiOiI2Yjg2YjI3M2ZmMzRmY2UxOWQ2YjgwNGVmZjVhM2Y1NzQ3YWRhNGVhYTIyZjFkNDljMDFlNTJkZGI3ODc1YjRiIiwiZW1hIjoidXNlckBnbWFpbC5jb20iLCJyaWQiOjF9.MDgwMzJlY2ZkZWU3MzJiNmI0YWNjYzBhYzhiZmIyY2U1NDYwODlhMDMwNzhlY2I4YmJiNmM2ZWZlOGQxMWEyOQ==, uPass: 
15-Dec-2024 05:18:47.063 INFO [http-nio-9999-exec-59] org.apache.catalina.core.ApplicationContext.log Request from uEmail: , uRem: on, Token: eyJwcmoiOiJGUkVFWkUiLCJ0eXAiOiJmYWtlIGp3dCJ9.eyJ1aWQiOjExLCJzdGEiOiJhY3RpdmUiLCJlbnAiOiI2Yjg2YjI3M2ZmMzRmY2UxOWQ2YjgwNGVmZjVhM2Y1NzQ3YWRhNGVhYTIyZjFkNDljMDFlNTJkZGI3ODc1YjRiIiwiZW1hIjoidXNlckBnbWFpbC5jb20iLCJyaWQiOjF9.MDgwMzJlY2ZkZWU3MzJiNmI0YWNjYzBhYzhiZmIyY2U1NDYwODlhMDMwNzhlY2I4YmJiNmM2ZWZlOGQxMWEyOQ==, uPass: 
15-Dec-2024 05:20:35.770 INFO [http-nio-9999-exec-60] org.apache.catalina.core.ApplicationContext.log Request from uEmail: , uRem: on, Token: eyJwcmoiOiJGUkVFWkUiLCJ0eXAiOiJmYWtlIGp3dCJ9.eyJ1aWQiOjExLCJzdGEiOiJhY3RpdmUiLCJlbnAiOiI2Yjg2YjI3M2ZmMzRmY2UxOWQ2YjgwNGVmZjVhM2Y1NzQ3YWRhNGVhYTIyZjFkNDljMDFlNTJkZGI3ODc1YjRiIiwiZW1hIjoidXNlckBnbWFpbC5jb20iLCJyaWQiOjF9.MDgwMzJlY2ZkZWU3MzJiNmI0YWNjYzBhYzhiZmIyY2U1NDYwODlhMDMwNzhlY2I4YmJiNmM2ZWZlOGQxMWEyOQ==, uPass: 
15-Dec-2024 05:21:10.143 INFO [http-nio-9999-exec-64] org.apache.catalina.core.ApplicationContext.log Request from uEmail: , uRem: on, Token: eyJwcmoiOiJGUkVFWkUiLCJ0eXAiOiJmYWtlIGp3dCJ9.eyJ1aWQiOjExLCJzdGEiOiJhY3RpdmUiLCJlbnAiOiI2Yjg2YjI3M2ZmMzRmY2UxOWQ2YjgwNGVmZjVhM2Y1NzQ3YWRhNGVhYTIyZjFkNDljMDFlNTJkZGI3ODc1YjRiIiwiZW1hIjoidXNlckBnbWFpbC5jb20iLCJyaWQiOjF9.MDgwMzJlY2ZkZWU3MzJiNmI0YWNjYzBhYzhiZmIyY2U1NDYwODlhMDMwNzhlY2I4YmJiNmM2ZWZlOGQxMWEyOQ==, uPass: 
15-Dec-2024 05:22:41.852 INFO [http-nio-9999-exec-67] org.apache.catalina.core.ApplicationContext.log Request from uEmail: , uRem: on, Token: eyJwcmoiOiJGUkVFWkUiLCJ0eXAiOiJmYWtlIGp3dCJ9.eyJ1aWQiOjExLCJzdGEiOiJhY3RpdmUiLCJlbnAiOiI2Yjg2YjI3M2ZmMzRmY2UxOWQ2YjgwNGVmZjVhM2Y1NzQ3YWRhNGVhYTIyZjFkNDljMDFlNTJkZGI3ODc1YjRiIiwiZW1hIjoidXNlckBnbWFpbC5jb20iLCJyaWQiOjF9.MDgwMzJlY2ZkZWU3MzJiNmI0YWNjYzBhYzhiZmIyY2U1NDYwODlhMDMwNzhlY2I4YmJiNmM2ZWZlOGQxMWEyOQ==, uPass: 
15-Dec-2024 05:52:26.533 INFO [http-nio-9999-exec-61] org.apache.catalina.core.ApplicationContext.log Request from uEmail: , uRem: on, Token: eyJwcmoiOiJGUkVFWkUiLCJ0eXAiOiJmYWtlIGp3dCJ9.eyJ1aWQiOjExLCJzdGEiOiJhY3RpdmUiLCJlbnAiOiI2Yjg2YjI3M2ZmMzRmY2UxOWQ2YjgwNGVmZjVhM2Y1NzQ3YWRhNGVhYTIyZjFkNDljMDFlNTJkZGI3ODc1YjRiIiwiZW1hIjoidXNlckBnbWFpbC5jb20iLCJyaWQiOjF9.MDgwMzJlY2ZkZWU3MzJiNmI0YWNjYzBhYzhiZmIyY2U1NDYwODlhMDMwNzhlY2I4YmJiNmM2ZWZlOGQxMWEyOQ==, uPass: 
15-Dec-2024 05:52:47.694 INFO [http-nio-9999-exec-58] org.apache.catalina.core.ApplicationContext.log UserAuthorization:Initializing filter
15-Dec-2024 05:53:55.640 INFO [http-nio-9999-exec-70] org.apache.catalina.core.ApplicationContext.log UserAuthorization:Initializing filter
15-Dec-2024 05:53:58.721 INFO [http-nio-9999-exec-58] org.apache.catalina.core.ApplicationContext.log Request from uEmail: , uRem: on, Token: eyJwcmoiOiJGUkVFWkUiLCJ0eXAiOiJmYWtlIGp3dCJ9.eyJ1aWQiOjExLCJzdGEiOiJhY3RpdmUiLCJlbnAiOiI2Yjg2YjI3M2ZmMzRmY2UxOWQ2YjgwNGVmZjVhM2Y1NzQ3YWRhNGVhYTIyZjFkNDljMDFlNTJkZGI3ODc1YjRiIiwiZW1hIjoidXNlckBnbWFpbC5jb20iLCJyaWQiOjF9.MDgwMzJlY2ZkZWU3MzJiNmI0YWNjYzBhYzhiZmIyY2U1NDYwODlhMDMwNzhlY2I4YmJiNmM2ZWZlOGQxMWEyOQ==, uPass: 
15-Dec-2024 06:05:23.018 INFO [http-nio-9999-exec-71] org.apache.catalina.core.ApplicationContext.log Request from uEmail: , uRem: on, Token: eyJwcmoiOiJGUkVFWkUiLCJ0eXAiOiJmYWtlIGp3dCJ9.eyJ1aWQiOjExLCJzdGEiOiJhY3RpdmUiLCJlbnAiOiI2Yjg2YjI3M2ZmMzRmY2UxOWQ2YjgwNGVmZjVhM2Y1NzQ3YWRhNGVhYTIyZjFkNDljMDFlNTJkZGI3ODc1YjRiIiwiZW1hIjoidXNlckBnbWFpbC5jb20iLCJyaWQiOjF9.MDgwMzJlY2ZkZWU3MzJiNmI0YWNjYzBhYzhiZmIyY2U1NDYwODlhMDMwNzhlY2I4YmJiNmM2ZWZlOGQxMWEyOQ==, uPass: 
15-Dec-2024 06:07:13.179 INFO [http-nio-9999-exec-73] org.apache.catalina.core.ApplicationContext.log Request from uEmail: , uRem: on, Token: eyJwcmoiOiJGUkVFWkUiLCJ0eXAiOiJmYWtlIGp3dCJ9.eyJ1aWQiOjExLCJzdGEiOiJhY3RpdmUiLCJlbnAiOiI2Yjg2YjI3M2ZmMzRmY2UxOWQ2YjgwNGVmZjVhM2Y1NzQ3YWRhNGVhYTIyZjFkNDljMDFlNTJkZGI3ODc1YjRiIiwiZW1hIjoidXNlckBnbWFpbC5jb20iLCJyaWQiOjF9.MDgwMzJlY2ZkZWU3MzJiNmI0YWNjYzBhYzhiZmIyY2U1NDYwODlhMDMwNzhlY2I4YmJiNmM2ZWZlOGQxMWEyOQ==, uPass: 
15-Dec-2024 06:18:03.101 INFO [http-nio-9999-exec-74] org.apache.catalina.core.ApplicationContext.log Request from uEmail: , uRem: on, Token: eyJwcmoiOiJGUkVFWkUiLCJ0eXAiOiJmYWtlIGp3dCJ9.eyJ1aWQiOjExLCJzdGEiOiJhY3RpdmUiLCJlbnAiOiI2Yjg2YjI3M2ZmMzRmY2UxOWQ2YjgwNGVmZjVhM2Y1NzQ3YWRhNGVhYTIyZjFkNDljMDFlNTJkZGI3ODc1YjRiIiwiZW1hIjoidXNlckBnbWFpbC5jb20iLCJyaWQiOjF9.MDgwMzJlY2ZkZWU3MzJiNmI0YWNjYzBhYzhiZmIyY2U1NDYwODlhMDMwNzhlY2I4YmJiNmM2ZWZlOGQxMWEyOQ==, uPass: 
15-Dec-2024 06:18:24.139 INFO [http-nio-9999-exec-74] org.apache.catalina.core.ApplicationContext.log Cannot invoke "java.sql.Connection.prepareStatement(String)" because "this.connection" is null
