15-Dec-2024 04:09:01.634 INFO [http-nio-9999-exec-4] org.apache.catalina.core.ApplicationContext.log Manager: init: Associated with Deployer 'Catalina:type=Deployer,host=localhost'
15-Dec-2024 04:09:01.634 INFO [http-nio-9999-exec-4] org.apache.catalina.core.ApplicationContext.log Manager: init: Global resources are available
15-Dec-2024 04:09:01.662 INFO [http-nio-9999-exec-7] org.apache.catalina.core.ApplicationContext.log Manager: list: Listing contexts for virtual host 'localhost'
15-Dec-2024 04:09:01.671 INFO [http-nio-9999-exec-8] org.apache.catalina.core.ApplicationContext.log Manager: undeploy: Undeploying web application at '/freezegroup2'
15-Dec-2024 04:09:02.203 INFO [http-nio-9999-exec-2] org.apache.catalina.core.ApplicationContext.log Manager: install: Installing context configuration at 'file:/C:/Users/ACERAS~1/AppData/Local/Temp/context3178877127753767207.xml'
15-Dec-2024 04:09:03.054 INFO [http-nio-9999-exec-3] org.apache.catalina.core.ApplicationContext.log Manager: start: Starting web application '/freezegroup2'
15-Dec-2024 04:09:39.830 INFO [http-nio-9999-exec-18] org.apache.catalina.core.ApplicationContext.log Manager: list: Listing contexts for virtual host 'localhost'
15-Dec-2024 04:09:39.840 INFO [http-nio-9999-exec-12] org.apache.catalina.core.ApplicationContext.log Manager: restart: Reloading web application '/freezegroup2'
15-Dec-2024 04:09:42.098 INFO [http-nio-9999-exec-13] org.apache.catalina.core.ApplicationContext.log Manager: list: Listing contexts for virtual host 'localhost'
15-Dec-2024 04:09:42.103 INFO [http-nio-9999-exec-17] org.apache.catalina.core.ApplicationContext.log Manager: restart: Reloading web application '/freezegroup2'
15-Dec-2024 04:10:26.073 INFO [http-nio-9999-exec-26] org.apache.catalina.core.ApplicationContext.log Manager: list: Listing contexts for virtual host 'localhost'
15-Dec-2024 04:10:26.078 INFO [http-nio-9999-exec-13] org.apache.catalina.core.ApplicationContext.log Manager: restart: Reloading web application '/freezegroup2'
15-Dec-2024 04:14:07.002 INFO [http-nio-9999-exec-30] org.apache.catalina.core.ApplicationContext.log Manager: list: Listing contexts for virtual host 'localhost'
15-Dec-2024 04:14:07.010 INFO [http-nio-9999-exec-31] org.apache.catalina.core.ApplicationContext.log Manager: restart: Reloading web application '/freezegroup2'
15-Dec-2024 04:14:34.198 INFO [http-nio-9999-exec-21] org.apache.catalina.core.ApplicationContext.log Manager: list: Listing contexts for virtual host 'localhost'
15-Dec-2024 04:14:34.203 INFO [http-nio-9999-exec-30] org.apache.catalina.core.ApplicationContext.log Manager: restart: Reloading web application '/freezegroup2'
15-Dec-2024 05:09:31.427 INFO [http-nio-9999-exec-38] org.apache.catalina.core.ApplicationContext.log Manager: list: Listing contexts for virtual host 'localhost'
15-Dec-2024 05:09:31.434 INFO [http-nio-9999-exec-39] org.apache.catalina.core.ApplicationContext.log Manager: list: Listing contexts for virtual host 'localhost'
15-Dec-2024 05:09:31.556 INFO [http-nio-9999-exec-41] org.apache.catalina.core.ApplicationContext.log Manager: restart: Reloading web application '/freezegroup2'
15-Dec-2024 05:12:18.216 INFO [http-nio-9999-exec-49] org.apache.catalina.core.ApplicationContext.log Manager: list: Listing contexts for virtual host 'localhost'
15-Dec-2024 05:12:18.223 INFO [http-nio-9999-exec-48] org.apache.catalina.core.ApplicationContext.log Manager: restart: Reloading web application '/freezegroup2'
15-Dec-2024 05:45:57.532 INFO [http-nio-9999-exec-58] org.apache.catalina.core.ApplicationContext.log Manager: list: Listing contexts for virtual host 'localhost'
15-Dec-2024 05:52:44.626 INFO [http-nio-9999-exec-64] org.apache.catalina.core.ApplicationContext.log Manager: list: Listing contexts for virtual host 'localhost'
15-Dec-2024 05:52:44.631 INFO [http-nio-9999-exec-58] org.apache.catalina.core.ApplicationContext.log Manager: restart: Reloading web application '/freezegroup2'
15-Dec-2024 05:53:54.967 INFO [http-nio-9999-exec-63] org.apache.catalina.core.ApplicationContext.log Manager: list: Listing contexts for virtual host 'localhost'
15-Dec-2024 05:53:54.972 INFO [http-nio-9999-exec-70] org.apache.catalina.core.ApplicationContext.log Manager: restart: Reloading web application '/freezegroup2'
